Simulation Configuration: 	{
 "mtree_type": "mes_simulation_description",
 "name": "WH_Final_Project",
 "id": "1",
 "description": null,
 "environment": "environment.TaxEnvironment",
 "institutions": [
  {
   "institution": "institution.TaxInstitution"
  }
 ],
 "number_of_runs": 1,
 "agents": [
  {
   "agent_name": "agent.TaxAgent",
   "number": 5
  }
 ],
 "properties": {
  "number_of_rounds": 1,
  "payment_per_task": 20,
  "number_of_agents": 5,
  "tax_rate": 0.75
 },
 "data_logging": null,
 "source_hash": "465021296803c84fc49cadbb07fbe317",
 "simulation_run_id": "basic_config-2022_05_04-02_41_08_PM",
 "mes_directory": "/auctions"
}
1651675268.8379366	Environment: Exited directive: logger_setup
1651675268.8459723	Environment: About to enter directive: simulation_properties
1651675268.8476107	Environment: Exited directive: simulation_properties
1651675268.856705	Environment: About to enter directive: setup_institution
1651675268.9210367	Environment: Exited directive: setup_institution
1651675268.926168	Environment: About to enter directive: setup_agents
1651675269.2758963	Environment: Exited directive: setup_agents
1651675269.4439678	Environment: About to enter directive: start_environment
1651675269.477201	Message init_institution from Environment sent to institution.TaxInstitution 1
1651675269.4848816	Message environment_confirm_init from Environment sent to Environment
1651675269.545431	MES ENVIRONMENT CRASHING - EXCEPTION FOLLOWS 
	Source Message: <Message Sender: experimenter, Recipients: , Directive: start_environment, Content: None>
	Error Type: <class 'thespian.actors.InvalidActorAddress'>
	Error: [] is not a valid ActorAddress for sending messages to

	Trace Output: 
	  File "/mtree/mTree/microeconomic_system/environment.py", line 96, in receiveMessage
    directive_handler(self, message)

	  File "environment.py", line 47, in start_environment

	  File "environment.py", line 29, in send_message

	  File "/opt/conda/lib/python3.9/site-packages/thespian-3.10.6-py3.9.egg/thespian/actors.py", line 199, in send
    raise InvalidActorAddress(


1651675271.1115072	Agent (agent.TaxAgent 1: Exited directive: simulation_properties
1651675271.1200786	Agent (agent.TaxAgent 2: Exited directive: simulation_properties
1651675271.1478481	Agent (agent.TaxAgent 3: Exited directive: simulation_properties
1651675271.155462	Agent (agent.TaxAgent 4: Exited directive: simulation_properties
1651675271.159186	Agent (agent.TaxAgent 5: Exited directive: simulation_properties
