Simulation Configuration: 	{
 "mtree_type": "mes_simulation_description",
 "name": "WH_Final_Project",
 "id": "1",
 "description": null,
 "environment": "environment.TaxEnvironment",
 "institutions": [
  {
   "institution": "institution.TaxInstitution"
  }
 ],
 "number_of_runs": 1,
 "agents": [
  {
   "agent_name": "agent.TaxAgent",
   "number": 5
  }
 ],
 "properties": {
  "number_of_rounds": 1,
  "payment_per_task": 20,
  "number_of_agents": 5
 },
 "data_logging": null,
 "source_hash": "318532c0925abda9e33f7d83fb1bdaad",
 "simulation_run_id": "basic_config-2022_05_04-01_25_22_PM",
 "mes_directory": "/auctions"
}
1651670722.6911983	Environment: Exited directive: logger_setup
1651670722.700141	Environment: About to enter directive: simulation_properties
1651670722.7008557	Environment: Exited directive: simulation_properties
1651670722.7079506	Environment: About to enter directive: setup_institution
1651670722.7480838	Environment: Exited directive: setup_institution
1651670722.7556095	Environment: About to enter directive: setup_agents
1651670722.9269993	Environment: Exited directive: setup_agents
1651670723.1167605	Environment: About to enter directive: start_environment
1651670723.2184913	MES ENVIRONMENT CRASHING - EXCEPTION FOLLOWS 
	Source Message: <Message Sender: experimenter, Recipients: , Directive: start_environment, Content: None>
	Error Type: <class 'TypeError'>
	Error: choose_tax_rate() missing 1 required positional argument: 'message'

	Trace Output: 
	  File "/mtree/mTree/microeconomic_system/environment.py", line 96, in receiveMessage
    directive_handler(self, message)

	  File "environment.py", line 37, in start_environment


1651670724.7799482	Agent (agent.TaxAgent 3: Exited directive: simulation_properties
1651670724.7890735	Agent (agent.TaxAgent 2: Exited directive: simulation_properties
1651670724.8026688	Agent (agent.TaxAgent 1: Exited directive: simulation_properties
1651670724.8289888	Agent (agent.TaxAgent 4: Exited directive: simulation_properties
1651670724.8319955	Agent (agent.TaxAgent 5: Exited directive: simulation_properties
