Simulation Configuration: 	{
 "mtree_type": "mes_simulation_description",
 "name": "WH_Final_Project",
 "id": "1",
 "description": null,
 "environment": "tax_environment.TaxEnvironment",
 "institutions": [
  {
   "institution": "tax_institution.TaxInstitution"
  }
 ],
 "number_of_runs": 1,
 "agents": [
  {
   "agent_name": "tax_agent.TaxAgent",
   "number": 5
  }
 ],
 "properties": {
  "number_of_rounds": 1,
  "payment_per_task": 20,
  "number_of_agents": 5,
  "tax_rate": 0.75
 },
 "data_logging": null,
 "source_hash": "e15464967794127300b8123ea8196cd7",
 "simulation_run_id": "basic_config-2022_05_04-08_54_37_PM",
 "mes_directory": "/auctions"
}
1651697677.8842635	Environment: Exited directive: logger_setup
1651697677.8925786	Environment: About to enter directive: simulation_properties
1651697677.8933032	Environment: Exited directive: simulation_properties
1651697677.9027083	Environment: About to enter directive: setup_institution
1651697677.99312	Environment: Exited directive: setup_institution
1651697678.0146348	Environment: About to enter directive: setup_agents
1651697678.539841	Environment: Exited directive: setup_agents
1651697678.7012408	Environment: About to enter directive: start_environment
1651697678.7787454	MES ENVIRONMENT CRASHING - EXCEPTION FOLLOWS 
	Source Message: <Message Sender: experimenter, Recipients: , Directive: start_environment, Content: None>
	Error Type: <class 'TypeError'>
	Error: shutdown_mes() missing 1 required positional argument: 'message'

	Trace Output: 
	  File "/mtree/mTree/microeconomic_system/environment.py", line 96, in receiveMessage
    directive_handler(self, message)

	  File "tax_environment.py", line 46, in start_environment


1651697680.7943187	Agent (tax_agent.TaxAgent 3: Exited directive: simulation_properties
1651697680.820085	Agent (tax_agent.TaxAgent 1: Exited directive: simulation_properties
1651697680.8272889	Agent (tax_agent.TaxAgent 2: Exited directive: simulation_properties
1651697680.8513834	Agent (tax_agent.TaxAgent 4: Exited directive: simulation_properties
1651697680.8736238	Agent (tax_agent.TaxAgent 5: Exited directive: simulation_properties
