Simulation Configuration: 	{
 "mtree_type": "mes_simulation_description",
 "name": "WH_Final_Project",
 "id": "1",
 "description": null,
 "environment": "environment.TaxEnvironment",
 "institutions": [
  {
   "institution": "institution.TaxInstitution"
  }
 ],
 "number_of_runs": 1,
 "agents": [
  {
   "agent_name": "agent.TaxAgent",
   "number": 5
  }
 ],
 "properties": {
  "number_of_rounds": 1,
  "payment_per_task": 20,
  "number_of_agents": 5,
  "tax_rate": 0.75
 },
 "data_logging": null,
 "source_hash": "deebfcb7924a40280a17b15383f9cd7f",
 "simulation_run_id": "basic_config-2022_05_04-01_35_15_PM",
 "mes_directory": "/auctions"
}
1651671315.7028997	Environment: Exited directive: logger_setup
1651671315.7218072	Environment: About to enter directive: simulation_properties
1651671315.7282732	Environment: Exited directive: simulation_properties
1651671315.7456472	Environment: About to enter directive: setup_institution
1651671315.7945848	Environment: Exited directive: setup_institution
1651671315.8018107	Environment: About to enter directive: setup_agents
1651671316.1281245	Environment: Exited directive: setup_agents
1651671316.4048378	Environment: About to enter directive: start_environment
1651671316.4187384	Message init_institution from Environment sent to institution.TaxInstitution 1
1651671316.437188	Message environment_confirm_init from Environment sent to Environment
1651671316.503245	MES ENVIRONMENT CRASHING - EXCEPTION FOLLOWS 
	Source Message: <Message Sender: experimenter, Recipients: , Directive: start_environment, Content: None>
	Error Type: <class 'thespian.actors.InvalidActorAddress'>
	Error: [] is not a valid ActorAddress for sending messages to

	Trace Output: 
	  File "/mtree/mTree/microeconomic_system/environment.py", line 96, in receiveMessage
    directive_handler(self, message)

	  File "environment.py", line 46, in start_environment

	  File "environment.py", line 29, in send_message

	  File "/opt/conda/lib/python3.9/site-packages/thespian-3.10.6-py3.9.egg/thespian/actors.py", line 199, in send
    raise InvalidActorAddress(


1651671318.0513978	Agent (agent.TaxAgent 2: Exited directive: simulation_properties
1651671318.0583854	Agent (agent.TaxAgent 1: Exited directive: simulation_properties
1651671318.0911472	Agent (agent.TaxAgent 3: Exited directive: simulation_properties
1651671318.098093	Agent (agent.TaxAgent 4: Exited directive: simulation_properties
1651671318.1167545	Agent (agent.TaxAgent 5: Exited directive: simulation_properties
