Simulation Configuration: 	{
 "mtree_type": "mes_simulation_description",
 "name": "WH_Final_Project",
 "id": "1",
 "description": null,
 "environment": "tax_environment.TaxEnvironment",
 "institutions": [
  {
   "institution": "tax_institution.TaxInstitution"
  }
 ],
 "number_of_runs": 1,
 "agents": [
  {
   "agent_name": "tax_agent.TaxAgent",
   "number": 5
  }
 ],
 "properties": {
  "number_of_rounds": 1,
  "payment_per_task": 20,
  "number_of_agents": 5,
  "tax_rate": 0.75
 },
 "data_logging": null,
 "source_hash": "e28b5e286230b15066d3b362041dac08",
 "simulation_run_id": "basic_config-2022_05_04-08_55_38_PM",
 "mes_directory": "/auctions"
}
